  stdafx.cpp
  unittest1.cpp
     Creating library E:\Halo\Coding\Visual Studio\Spike13\Debug\Spike13Tests.lib and object E:\Halo\Coding\Visual Studio\Spike13\Debug\Spike13Tests.exp
unittest1.obj : error LNK2019: unresolved external symbol "public: class BinaryReader & __thiscall BinaryReader::operator>>(class std::basic_string<char,struct std::char_traits<char>,class std::allocator<char> > &)" (??5BinaryReader@@QAEAAV0@AAV?$basic_string@DU?$char_traits@D@std@@V?$allocator@D@2@@std@@@Z) referenced in function "public: __thiscall Spike13Tests::TestMessage::TestMessage(class Spike13Tests::TestMessage &)" (??0TestMessage@Spike13Tests@@QAE@AAV01@@Z)
unittest1.obj : error LNK2019: unresolved external symbol "public: class BinaryWriter & __thiscall BinaryWriter::operator<<(class std::basic_string<char,struct std::char_traits<char>,class std::allocator<char> >)" (??6BinaryWriter@@QAEAAV0@V?$basic_string@DU?$char_traits@D@std@@V?$allocator@D@2@@std@@@Z) referenced in function "public: __thiscall Spike13Tests::TestMessage::TestMessage(class Spike13Tests::TestMessage &)" (??0TestMessage@Spike13Tests@@QAE@AAV01@@Z)
unittest1.obj : error LNK2019: unresolved external symbol "protected: class BinaryWriter & __thiscall Message::write(void)" (?write@Message@@IAEAAVBinaryWriter@@XZ) referenced in function "public: __thiscall Spike13Tests::TestMessage::TestMessage(class Spike13Tests::TestMessage &)" (??0TestMessage@Spike13Tests@@QAE@AAV01@@Z)
unittest1.obj : error LNK2019: unresolved external symbol "public: __thiscall Message::Message(class std::basic_string<char,struct std::char_traits<char>,class std::allocator<char> >)" (??0Message@@QAE@V?$basic_string@DU?$char_traits@D@std@@V?$allocator@D@2@@std@@@Z) referenced in function "public: __thiscall Spike13Tests::TestMessage::TestMessage(class std::basic_string<char,struct std::char_traits<char>,class std::allocator<char> >)" (??0TestMessage@Spike13Tests@@QAE@V?$basic_string@DU?$char_traits@D@std@@V?$allocator@D@2@@std@@@Z)
unittest1.obj : error LNK2019: unresolved external symbol "public: __thiscall Message::Message(void)" (??0Message@@QAE@XZ) referenced in function "public: __thiscall Spike13Tests::TestMessage::TestMessage(class Spike13Tests::TestMessage &)" (??0TestMessage@Spike13Tests@@QAE@AAV01@@Z)
unittest1.obj : error LNK2019: unresolved external symbol "public: virtual __thiscall Message::~Message(void)" (??1Message@@UAE@XZ) referenced in function __unwindfunclet$??0TestMessage@Spike13Tests@@QAE@AAV01@@Z$0
unittest1.obj : error LNK2001: unresolved external symbol "public: virtual class std::basic_string<char,struct std::char_traits<char>,class std::allocator<char> > __thiscall Message::to_string(void)const " (?to_string@Message@@UBE?AV?$basic_string@DU?$char_traits@D@std@@V?$allocator@D@2@@std@@XZ)
unittest1.obj : error LNK2019: unresolved external symbol "public: class BinaryReader & __thiscall Message::read(void)" (?read@Message@@QAEAAVBinaryReader@@XZ) referenced in function "public: __thiscall Spike13Tests::TestMessage::TestMessage(class Spike13Tests::TestMessage &)" (??0TestMessage@Spike13Tests@@QAE@AAV01@@Z)
unittest1.obj : error LNK2019: unresolved external symbol "public: __thiscall MessageDispatcher::MessageDispatcher(void)" (??0MessageDispatcher@@QAE@XZ) referenced in function "public: void __thiscall Spike13Tests::UnitTest1::MessageEvents(void)" (?MessageEvents@UnitTest1@Spike13Tests@@QAEXXZ)
unittest1.obj : error LNK2019: unresolved external symbol "public: virtual __thiscall MessageDispatcher::~MessageDispatcher(void)" (??1MessageDispatcher@@UAE@XZ) referenced in function "public: void __thiscall Spike13Tests::UnitTest1::MessageEvents(void)" (?MessageEvents@UnitTest1@Spike13Tests@@QAEXXZ)
unittest1.obj : error LNK2019: unresolved external symbol "public: void __thiscall MessageDispatcher::dispatch(class Message &)" (?dispatch@MessageDispatcher@@QAEXAAVMessage@@@Z) referenced in function "public: void __thiscall Spike13Tests::UnitTest1::MessageEvents(void)" (?MessageEvents@UnitTest1@Spike13Tests@@QAEXXZ)
unittest1.obj : error LNK2019: unresolved external symbol "public: class MessageAccessor __thiscall MessageDispatcher::operator[](class Message const &)" (??AMessageDispatcher@@QAE?AVMessageAccessor@@ABVMessage@@@Z) referenced in function "public: void __thiscall Spike13Tests::UnitTest1::MessageEvents(void)" (?MessageEvents@UnitTest1@Spike13Tests@@QAEXXZ)
unittest1.obj : error LNK2019: unresolved external symbol "public: virtual __thiscall MessageAccessor::~MessageAccessor(void)" (??1MessageAccessor@@UAE@XZ) referenced in function "public: void __thiscall Spike13Tests::UnitTest1::MessageEvents(void)" (?MessageEvents@UnitTest1@Spike13Tests@@QAEXXZ)
unittest1.obj : error LNK2019: unresolved external symbol "public: class Event<class MessageDispatcher,class Message> & __thiscall MessageAccessor::event(void)" (?event@MessageAccessor@@QAEAAV?$Event@VMessageDispatcher@@VMessage@@@@XZ) referenced in function "public: void __thiscall Spike13Tests::UnitTest1::MessageEvents(void)" (?MessageEvents@UnitTest1@Spike13Tests@@QAEXXZ)
E:\Halo\Coding\Visual Studio\Spike13\Debug\Spike13Tests.dll : fatal error LNK1120: 14 unresolved externals
